<?xml version="1.0" encoding="UTF-8"?>
<!-- Generated by org.testng.reporters.JUnitReportReporter -->
<testsuite skipped="1" hostname="DESKTOP-NM05SVP" name="com.rediff.CucumberProjectTestngRunner" tests="1" failures="0" timestamp="30 Nov 2018 01:44:07 GMT" time="29.488" errors="0">
  <testcase name="runScenario" time="29.488" classname="com.rediff.CucumberProjectTestngRunner">
    <skipped/>
  </testcase> <!-- runScenario -->
</testsuite> <!-- com.rediff.CucumberProjectTestngRunner -->
