<?xml version="1.0" encoding="UTF-8"?>
<!-- Generated by org.testng.reporters.JUnitReportReporter -->
<testsuite skipped="1" hostname="DESKTOP-NM05SVP" name="com.rediff.CucumberProjectTestngRunnerTest" tests="1" failures="0" timestamp="30 Nov 2018 01:40:57 GMT" time="10.634" errors="0">
  <testcase name="runScenario" time="10.634" classname="com.rediff.CucumberProjectTestngRunnerTest">
    <skipped/>
  </testcase> <!-- runScenario -->
</testsuite> <!-- com.rediff.CucumberProjectTestngRunnerTest -->
