<?xml version="1.0" encoding="UTF-8"?>
<!-- Generated by org.testng.reporters.JUnitReportReporter -->
<testsuite skipped="1" hostname="DESKTOP-NM05SVP" name="com.rediff.CucumberProjectTestngRunner" tests="1" failures="0" timestamp="29 Nov 2018 15:18:38 GMT" time="34.787" errors="0">
  <testcase name="runScenario" time="34.787" classname="com.rediff.CucumberProjectTestngRunner">
    <skipped/>
  </testcase> <!-- runScenario -->
</testsuite> <!-- com.rediff.CucumberProjectTestngRunner -->
